    "request_schema": {}
  },
  "corp.deposit": {
    "request_schema": {}
  },
  "corp.issue_dividend": {
    "request_schema": {}
  },
  "corp.set_tax": {
    "request_schema": {}
  },
  "corp.statement": {
    "request_schema": {}
  },
  "corp.stock.issue": {
    "request_schema": {}
  },
  "corp.withdraw": {
    "request_schema": {}
  },
  "fine.list": {
    "request_schema": {}
  },
  "fine.pay": {
    "request_schema": {}
  },
  "insurance.claim.file": {
    "request_schema": {}
  },
  "insurance.policies.buy": {
    "request_schema": {}
  },
  "insurance.policies.list": {
    "request_schema": {}
  },
  "loan.accept": {
    "request_schema": {}
  },
  "loan.apply": {
    "request_schema": {}
  },
  "loan.list_active": {
    "request_schema": {}
  },
  "loan.offers.list": {
    "request_schema": {}
  },
  "loan.repay": {
    "request_schema": {}
  },
  "market.contracts.buy": {
    "request_schema": {}
  },
  "market.contracts.list": {
    "request_schema": {}
  },
  "market.contracts.sell": {
    "request_schema": {}
  },
  "market.orders.cancel": {
    "request_schema": {}
  },
  "market.orders.create": {
    "request_schema": {}
  },
  "market.orders.list": {
    "request_schema": {}
  },
  "move.autopilot.start": {
    "request_schema": {}
  },
  "move.autopilot.status": {
    "request_schema": {}
  },
  "move.autopilot.stop": {
    "request_schema": {}
  },
  "move.describe_sector": {
    "request_schema": {}
  },
  "move.pathfind": {
    "request_schema": {}
  },
  "move.transwarp": {
    "request_schema": {}
  },
  "move.warp": {
    "request_schema": {}
  },
  "nav.avoid.add": {
    "request_schema": {}
  },
  "nav.avoid.list": {
    "request_schema": {}
  },
  "nav.avoid.remove": {
    "request_schema": {}
  },
  "nav.bookmark.add": {
    "request_schema": {}
  },
  "nav.bookmark.list": {
    "request_schema": {}
  },
  "nav.bookmark.remove": {
    "request_schema": {}
  },
  "planet.create": {
    "request_schema": {}
  },
  "planet.deposit": {
    "request_schema": {}
  },
  "planet.list_mine": {
    "request_schema": {}
  },
  "planet.withdraw": {
    "request_schema": {}
  },
  "player.get_settings": {
    "request_schema": {}
  },
  "player.list_online": {
    "request_schema": {}
  },
  "player.my_info": {
    "request_schema": {}
  },
  "player.rankings": {
    "request_schema": {}
  },
  "player.set_prefs": {
    "request_schema": {}
  },
  "research.projects.fund": {
    "request_schema": {}
  },
  "research.projects.list": {
    "request_schema": {}
  },
  "ship.info": {
    "request_schema": {}
  },
  "ship.jettison": {
    "request_schema": {}
  },
  "ship.status": {
    "request_schema": {}
  },
  "ship.upgrade": {
    "request_schema": {}
  },
  "stock.exchange.list_stocks": {
    "request_schema": {}
  },
  "stock.exchange.orders.cancel": {
    "request_schema": {}
  },
  "stock.exchange.orders.create": {
    "request_schema": {}
  },
  "stock.portfolio.list": {
    "request_schema": {}
  },
  "system.capabilities": {
    "request_schema": {}
  },
  "system.describe_schema": {
    "request_schema": {}
  },
  "system.hello": {
    "request_schema": {}
  },
  "trade.buy": {
    "request_schema": {}
  },
  "trade.history": {
    "request_schema": {}
  },
  "trade.port_info": {
    "request_schema": {}
  },
  "trade.quote": {
    "request_schema": {}
  },
  "trade.sell": {
    "request_schema": {}
  }
}
2025-11-14 08:33:52,931 - DEBUG - Schema info for 'trade.quote': {
  "request_schema": {}
}
2025-11-14 08:33:52,931 - DEBUG - Request schema for 'trade.quote': {}
2025-11-14 08:33:52,931 - WARNING - Empty or no request_schema found for command 'trade.quote' in cached schema. Skipping validation.
2025-11-14 08:33:52,932 - INFO - Sent command: {"id": "fe222329-bf9e-4237-8024-c6c8d56ecdb6", "ts": "2025-11-14T08:33:52.932040Z", "command": "trade.quote", "auth": {"session": "2c2c24317641b2611a82040cf8535bc9d65d3ad0062b297fb40b5e9898a22ec3"}, "data": {"port_id": 68, "commodity": "ore", "quantity": 1}, "meta": {"client_version": "AI_QA_Bot/1.1", "idempotency_key": "bb4a510e-0147-434d-b11f-bd1058fceb0d"}}
2025-11-14 08:33:53,185 - INFO - Shutdown signal received. Cleaning up...
2025-11-14 08:33:53,432 - INFO - Shutdown sequence initiated.
2025-11-14 08:33:53,434 - INFO - Successfully saved state to state.json
2025-11-14 08:33:53,434 - INFO - Socket closed.
2025-11-14 08:33:53,434 - INFO - AI Player script finished.
